TN:
SF:/Users/ade-verd/Projects/42_red_tetris/src/client/actions/alert.js
FN:3,alert
FNF:1
FNH:1
FNDA:1,alert
LF:0
LH:0
BRF:0
BRH:0
end_of_record
TN:
SF:/Users/ade-verd/Projects/42_red_tetris/src/client/actions/server.js
FN:1,ping
FNF:1
FNH:1
FNDA:1,ping
LF:0
LH:0
BRF:0
BRH:0
end_of_record
TN:
SF:/Users/ade-verd/Projects/42_red_tetris/src/client/components/test.js
FN:3,Tetris
FN:9,Board
FNF:2
FNH:1
FNDA:1,Tetris
FNDA:0,Board
LF:0
LH:0
BRF:0
BRH:0
end_of_record
TN:
SF:/Users/ade-verd/Projects/42_red_tetris/src/client/containers/app.js
FN:5,App
FN:11,mapStateToProps
FNF:2
FNH:0
FNDA:0,App
FNDA:0,mapStateToProps
LF:0
LH:0
BRF:0
BRH:0
end_of_record
TN:
SF:/Users/ade-verd/Projects/42_red_tetris/src/client/index.js
FNF:0
FNH:0
LF:0
LH:0
BRF:0
BRH:0
end_of_record
TN:
SF:/Users/ade-verd/Projects/42_red_tetris/src/client/middleware/storeStateMiddleWare.js
FN:1,storeStateMiddleWare
FN:2,(anonymous_3)
FNF:2
FNH:0
FNDA:0,storeStateMiddleWare
FNDA:0,(anonymous_3)
LF:0
LH:0
BRF:0
BRH:0
end_of_record
TN:
SF:/Users/ade-verd/Projects/42_red_tetris/src/client/reducers/alert.js
FN:3,reducer
FNF:1
FNH:1
FNDA:5,reducer
LF:0
LH:0
BRDA:3,1,0,5
BRDA:3,1,1,0
BRDA:3,2,0,5
BRDA:3,2,1,5
BRDA:5,3,0,1
BRDA:5,3,1,4
BRF:6
BRH:5
end_of_record
TN:
SF:/Users/ade-verd/Projects/42_red_tetris/src/client/reducers/index.js
FNF:0
FNH:0
LF:0
LH:0
BRF:0
BRH:0
end_of_record
TN:
SF:/Users/ade-verd/Projects/42_red_tetris/src/server/index.js
FN:7,initApp
FN:9,handler
FN:11,(anonymous_4)
FN:24,(anonymous_5)
FN:30,initEngine
FN:31,(anonymous_7)
FN:33,(anonymous_8)
FN:41,create
FN:42,(anonymous_10)
FN:44,(anonymous_11)
FN:46,stop
FN:48,(anonymous_13)
FNF:12
FNH:9
FNDA:1,initApp
FNDA:0,handler
FNDA:0,(anonymous_4)
FNDA:1,(anonymous_5)
FNDA:1,initEngine
FNDA:1,(anonymous_7)
FNDA:1,(anonymous_8)
FNDA:1,create
FNDA:1,(anonymous_10)
FNDA:1,(anonymous_11)
FNDA:1,stop
FNDA:0,(anonymous_13)
DA:12,0
DA:34,1
DA:41,2
LF:3
LH:2
BRDA:10,1,0,0
BRDA:10,1,1,0
BRDA:12,2,0,0
BRDA:12,2,1,0
BRDA:34,3,0,1
BRDA:34,3,1,0
BRF:6
BRH:1
end_of_record
TN:
SF:/Users/ade-verd/Projects/42_red_tetris/src/server/main.js
FNF:0
FNH:0
LF:0
LH:0
BRF:0
BRH:0
end_of_record
